Analysis & Synthesis report for eeprom
Thu Mar 12 10:28:56 2020
Quartus Prime Version 16.1.0 Build 196 10/24/2016 SJ Lite Edition


---------------------
; Table of Contents ;
---------------------
  1. Legal Notice
  2. Analysis & Synthesis Summary
  3. Analysis & Synthesis Settings
  4. Parallel Compilation
  5. Analysis & Synthesis Source Files Read
  6. Analysis & Synthesis Resource Usage Summary
  7. Analysis & Synthesis Resource Utilization by Entity
  8. State Machine - |eeprom|pagewriter:pagewriter1|STATE
  9. Registers Removed During Synthesis
 10. General Register Statistics
 11. Inverted Register Statistics
 12. Multiplexer Restructuring Statistics (Restructuring Performed)
 13. Parameter Settings for User Entity Instance: pagewriter:pagewriter1
 14. Parameter Settings for User Entity Instance: pagewriter:pagewriter1|downclock:downclock1
 15. Parameter Settings for User Entity Instance: adcreader:adcreader1|downclock:downclock1
 16. Parameter Settings for User Entity Instance: samplecountertimer:samplecountertimer1
 17. Port Connectivity Checks: "pagewriter:pagewriter1"
 18. Post-Synthesis Netlist Statistics for Top Partition
 19. Elapsed Time Per Partition
 20. Analysis & Synthesis Messages
 21. Analysis & Synthesis Suppressed Messages



----------------
; Legal Notice ;
----------------
Copyright (C) 2016  Intel Corporation. All rights reserved.
Your use of Intel Corporation's design tools, logic functions 
and other software and tools, and its AMPP partner logic 
functions, and any output files from any of the foregoing 
(including device programming or simulation files), and any 
associated documentation or information are expressly subject 
to the terms and conditions of the Intel Program License 
Subscription Agreement, the Intel Quartus Prime License Agreement,
the Intel MegaCore Function License Agreement, or other 
applicable license agreement, including, without limitation, 
that your use is for the sole purpose of programming logic 
devices manufactured by Intel and sold by Intel or its 
authorized distributors.  Please refer to the applicable 
agreement for further details.



+----------------------------------------------------------------------------------+
; Analysis & Synthesis Summary                                                     ;
+------------------------------------+---------------------------------------------+
; Analysis & Synthesis Status        ; Successful - Thu Mar 12 10:28:56 2020       ;
; Quartus Prime Version              ; 16.1.0 Build 196 10/24/2016 SJ Lite Edition ;
; Revision Name                      ; eeprom                                      ;
; Top-level Entity Name              ; eeprom                                      ;
; Family                             ; Cyclone IV E                                ;
; Total logic elements               ; 1,907                                       ;
;     Total combinational functions  ; 1,354                                       ;
;     Dedicated logic registers      ; 1,296                                       ;
; Total registers                    ; 1296                                        ;
; Total pins                         ; 9                                           ;
; Total virtual pins                 ; 0                                           ;
; Total memory bits                  ; 0                                           ;
; Embedded Multiplier 9-bit elements ; 0                                           ;
; Total PLLs                         ; 0                                           ;
+------------------------------------+---------------------------------------------+


+----------------------------------------------------------------------------------------------------------------------+
; Analysis & Synthesis Settings                                                                                        ;
+----------------------------------------------------------------------------+--------------------+--------------------+
; Option                                                                     ; Setting            ; Default Value      ;
+----------------------------------------------------------------------------+--------------------+--------------------+
; Device                                                                     ; EP4CE115F29C7      ;                    ;
; Top-level entity name                                                      ; eeprom             ; eeprom             ;
; Family name                                                                ; Cyclone IV E       ; Cyclone V          ;
; Use smart compilation                                                      ; Off                ; Off                ;
; Enable parallel Assembler and TimeQuest Timing Analyzer during compilation ; On                 ; On                 ;
; Enable compact report table                                                ; Off                ; Off                ;
; Restructure Multiplexers                                                   ; Auto               ; Auto               ;
; Create Debugging Nodes for IP Cores                                        ; Off                ; Off                ;
; Preserve fewer node names                                                  ; On                 ; On                 ;
; OpenCore Plus hardware evaluation                                          ; Enable             ; Enable             ;
; Verilog Version                                                            ; Verilog_2001       ; Verilog_2001       ;
; VHDL Version                                                               ; VHDL_1993          ; VHDL_1993          ;
; State Machine Processing                                                   ; Auto               ; Auto               ;
; Safe State Machine                                                         ; Off                ; Off                ;
; Extract Verilog State Machines                                             ; On                 ; On                 ;
; Extract VHDL State Machines                                                ; On                 ; On                 ;
; Ignore Verilog initial constructs                                          ; Off                ; Off                ;
; Iteration limit for constant Verilog loops                                 ; 5000               ; 5000               ;
; Iteration limit for non-constant Verilog loops                             ; 250                ; 250                ;
; Add Pass-Through Logic to Inferred RAMs                                    ; On                 ; On                 ;
; Infer RAMs from Raw Logic                                                  ; On                 ; On                 ;
; Parallel Synthesis                                                         ; On                 ; On                 ;
; DSP Block Balancing                                                        ; Auto               ; Auto               ;
; NOT Gate Push-Back                                                         ; On                 ; On                 ;
; Power-Up Don't Care                                                        ; On                 ; On                 ;
; Remove Redundant Logic Cells                                               ; Off                ; Off                ;
; Remove Duplicate Registers                                                 ; On                 ; On                 ;
; Ignore CARRY Buffers                                                       ; Off                ; Off                ;
; Ignore CASCADE Buffers                                                     ; Off                ; Off                ;
; Ignore GLOBAL Buffers                                                      ; Off                ; Off                ;
; Ignore ROW GLOBAL Buffers                                                  ; Off                ; Off                ;
; Ignore LCELL Buffers                                                       ; Off                ; Off                ;
; Ignore SOFT Buffers                                                        ; On                 ; On                 ;
; Limit AHDL Integers to 32 Bits                                             ; Off                ; Off                ;
; Optimization Technique                                                     ; Balanced           ; Balanced           ;
; Carry Chain Length                                                         ; 70                 ; 70                 ;
; Auto Carry Chains                                                          ; On                 ; On                 ;
; Auto Open-Drain Pins                                                       ; On                 ; On                 ;
; Perform WYSIWYG Primitive Resynthesis                                      ; Off                ; Off                ;
; Auto ROM Replacement                                                       ; On                 ; On                 ;
; Auto RAM Replacement                                                       ; On                 ; On                 ;
; Auto DSP Block Replacement                                                 ; On                 ; On                 ;
; Auto Shift Register Replacement                                            ; Auto               ; Auto               ;
; Allow Shift Register Merging across Hierarchies                            ; Auto               ; Auto               ;
; Auto Clock Enable Replacement                                              ; On                 ; On                 ;
; Strict RAM Replacement                                                     ; Off                ; Off                ;
; Allow Synchronous Control Signals                                          ; On                 ; On                 ;
; Force Use of Synchronous Clear Signals                                     ; Off                ; Off                ;
; Auto RAM Block Balancing                                                   ; On                 ; On                 ;
; Auto RAM to Logic Cell Conversion                                          ; Off                ; Off                ;
; Auto Resource Sharing                                                      ; Off                ; Off                ;
; Allow Any RAM Size For Recognition                                         ; Off                ; Off                ;
; Allow Any ROM Size For Recognition                                         ; Off                ; Off                ;
; Allow Any Shift Register Size For Recognition                              ; Off                ; Off                ;
; Use LogicLock Constraints during Resource Balancing                        ; On                 ; On                 ;
; Ignore translate_off and synthesis_off directives                          ; Off                ; Off                ;
; Timing-Driven Synthesis                                                    ; On                 ; On                 ;
; Report Parameter Settings                                                  ; On                 ; On                 ;
; Report Source Assignments                                                  ; On                 ; On                 ;
; Report Connectivity Checks                                                 ; On                 ; On                 ;
; Ignore Maximum Fan-Out Assignments                                         ; Off                ; Off                ;
; Synchronization Register Chain Length                                      ; 2                  ; 2                  ;
; PowerPlay Power Optimization During Synthesis                              ; Normal compilation ; Normal compilation ;
; HDL message level                                                          ; Level2             ; Level2             ;
; Suppress Register Optimization Related Messages                            ; Off                ; Off                ;
; Number of Removed Registers Reported in Synthesis Report                   ; 5000               ; 5000               ;
; Number of Swept Nodes Reported in Synthesis Report                         ; 5000               ; 5000               ;
; Number of Inverted Registers Reported in Synthesis Report                  ; 100                ; 100                ;
; Clock MUX Protection                                                       ; On                 ; On                 ;
; Auto Gated Clock Conversion                                                ; Off                ; Off                ;
; Block Design Naming                                                        ; Auto               ; Auto               ;
; SDC constraint protection                                                  ; Off                ; Off                ;
; Synthesis Effort                                                           ; Auto               ; Auto               ;
; Shift Register Replacement - Allow Asynchronous Clear Signal               ; On                 ; On                 ;
; Pre-Mapping Resynthesis Optimization                                       ; Off                ; Off                ;
; Analysis & Synthesis Message Level                                         ; Medium             ; Medium             ;
; Disable Register Merging Across Hierarchies                                ; Auto               ; Auto               ;
; Resource Aware Inference For Block RAM                                     ; On                 ; On                 ;
+----------------------------------------------------------------------------+--------------------+--------------------+


+------------------------------------------+
; Parallel Compilation                     ;
+----------------------------+-------------+
; Processors                 ; Number      ;
+----------------------------+-------------+
; Number detected on machine ; 8           ;
; Maximum allowed            ; 4           ;
;                            ;             ;
; Average used               ; 1.00        ;
; Maximum used               ; 4           ;
;                            ;             ;
; Usage by Processor         ; % Time Used ;
;     Processor 1            ; 100.0%      ;
;     Processor 2            ;   0.1%      ;
;     Processor 3            ;   0.1%      ;
;     Processor 4            ;   0.1%      ;
+----------------------------+-------------+


+------------------------------------------------------------------------------------------------------------------------------------------------------------------------------------+
; Analysis & Synthesis Source Files Read                                                                                                                                             ;
+----------------------------------+-----------------+------------------------+--------------------------------------------------------------------------------------------+---------+
; File Name with User-Entered Path ; Used in Netlist ; File Type              ; File Name with Absolute Path                                                               ; Library ;
+----------------------------------+-----------------+------------------------+--------------------------------------------------------------------------------------------+---------+
; adcreader.v                      ; yes             ; User Verilog HDL File  ; C:/Users/reedkm7/Documents/ECE 387/ECE 387/ECE 387/Lab3_master/eeprom/adcreader.v          ;         ;
; downclock.v                      ; yes             ; User Verilog HDL File  ; C:/Users/reedkm7/Documents/ECE 387/ECE 387/ECE 387/Lab3_master/eeprom/downclock.v          ;         ;
; eeprom.v                         ; yes             ; User Verilog HDL File  ; C:/Users/reedkm7/Documents/ECE 387/ECE 387/ECE 387/Lab3_master/eeprom/eeprom.v             ;         ;
; startcon.v                       ; yes             ; User Verilog HDL File  ; C:/Users/reedkm7/Documents/ECE 387/ECE 387/ECE 387/Lab3_master/eeprom/startcon.v           ;         ;
; stopcon.v                        ; yes             ; User Verilog HDL File  ; C:/Users/reedkm7/Documents/ECE 387/ECE 387/ECE 387/Lab3_master/eeprom/stopcon.v            ;         ;
; writehigh.v                      ; yes             ; User Verilog HDL File  ; C:/Users/reedkm7/Documents/ECE 387/ECE 387/ECE 387/Lab3_master/eeprom/writehigh.v          ;         ;
; writelow.v                       ; yes             ; User Verilog HDL File  ; C:/Users/reedkm7/Documents/ECE 387/ECE 387/ECE 387/Lab3_master/eeprom/writelow.v           ;         ;
; pagewriter.v                     ; yes             ; User Verilog HDL File  ; C:/Users/reedkm7/Documents/ECE 387/ECE 387/ECE 387/Lab3_master/eeprom/pagewriter.v         ;         ;
; samplecountertimer.v             ; yes             ; User Verilog HDL File  ; C:/Users/reedkm7/Documents/ECE 387/ECE 387/ECE 387/Lab3_master/eeprom/samplecountertimer.v ;         ;
+----------------------------------+-----------------+------------------------+--------------------------------------------------------------------------------------------+---------+


+---------------------------------------------------------+
; Analysis & Synthesis Resource Usage Summary             ;
+---------------------------------------------+-----------+
; Resource                                    ; Usage     ;
+---------------------------------------------+-----------+
; Estimated Total logic elements              ; 1,907     ;
;                                             ;           ;
; Total combinational functions               ; 1354      ;
; Logic element usage by number of LUT inputs ;           ;
;     -- 4 input functions                    ; 587       ;
;     -- 3 input functions                    ; 545       ;
;     -- <=2 input functions                  ; 222       ;
;                                             ;           ;
; Logic elements by mode                      ;           ;
;     -- normal mode                          ; 1162      ;
;     -- arithmetic mode                      ; 192       ;
;                                             ;           ;
; Total registers                             ; 1296      ;
;     -- Dedicated logic registers            ; 1296      ;
;     -- I/O registers                        ; 0         ;
;                                             ;           ;
; I/O pins                                    ; 9         ;
;                                             ;           ;
; Embedded Multiplier 9-bit elements          ; 0         ;
;                                             ;           ;
; Maximum fan-out node                        ; rst~input ;
; Maximum fan-out                             ; 1299      ;
; Total fan-out                               ; 9135      ;
; Average fan-out                             ; 3.42      ;
+---------------------------------------------+-----------+


+------------------------------------------------------------------------------------------------------------------------------------------------------------------------------------------------------------------------------------------------------------------+
; Analysis & Synthesis Resource Utilization by Entity                                                                                                                                                                                                              ;
+---------------------------------------------+---------------------+---------------------------+-------------+--------------+---------+-----------+------+--------------+-----------------------------------------------------+--------------------+--------------+
; Compilation Hierarchy Node                  ; Combinational ALUTs ; Dedicated Logic Registers ; Memory Bits ; DSP Elements ; DSP 9x9 ; DSP 18x18 ; Pins ; Virtual Pins ; Full Hierarchy Name                                 ; Entity Name        ; Library Name ;
+---------------------------------------------+---------------------+---------------------------+-------------+--------------+---------+-----------+------+--------------+-----------------------------------------------------+--------------------+--------------+
; |eeprom                                     ; 1354 (703)          ; 1296 (1096)               ; 0           ; 0            ; 0       ; 0         ; 9    ; 0            ; |eeprom                                             ; eeprom             ; work         ;
;    |adcreader:adcreader1|                   ; 117 (83)            ; 83 (50)                   ; 0           ; 0            ; 0       ; 0         ; 0    ; 0            ; |eeprom|adcreader:adcreader1                        ; adcreader          ; work         ;
;       |downclock:downclock1|                ; 34 (34)             ; 33 (33)                   ; 0           ; 0            ; 0       ; 0         ; 0    ; 0            ; |eeprom|adcreader:adcreader1|downclock:downclock1   ; downclock          ; work         ;
;    |pagewriter:pagewriter1|                 ; 462 (458)           ; 53 (52)                   ; 0           ; 0            ; 0       ; 0         ; 0    ; 0            ; |eeprom|pagewriter:pagewriter1                      ; pagewriter         ; work         ;
;       |downclock:downclock1|                ; 0 (0)               ; 1 (1)                     ; 0           ; 0            ; 0       ; 0         ; 0    ; 0            ; |eeprom|pagewriter:pagewriter1|downclock:downclock1 ; downclock          ; work         ;
;       |startcon:startcon1|                  ; 4 (4)               ; 0 (0)                     ; 0           ; 0            ; 0       ; 0         ; 0    ; 0            ; |eeprom|pagewriter:pagewriter1|startcon:startcon1   ; startcon           ; work         ;
;    |samplecountertimer:samplecountertimer1| ; 72 (72)             ; 64 (64)                   ; 0           ; 0            ; 0       ; 0         ; 0    ; 0            ; |eeprom|samplecountertimer:samplecountertimer1      ; samplecountertimer ; work         ;
+---------------------------------------------+---------------------+---------------------------+-------------+--------------+---------+-----------+------+--------------+-----------------------------------------------------+--------------------+--------------+
Note: For table entries with two numbers listed, the numbers in parentheses indicate the number of resources of the given type used by the specific entity alone. The numbers listed outside of parentheses indicate the total resources of the given type used by the specific entity and all of its sub-entities in the hierarchy.


Encoding Type:  One-Hot
+-------------------------------------------------------------------------------------------------+
; State Machine - |eeprom|pagewriter:pagewriter1|STATE                                            ;
+---------------+------------+------------+---------------+------------+-------------+------------+
; Name          ; STATE.WAIT ; STATE.STOP ; STATE.CONTROL ; STATE.ALOW ; STATE.AHIGH ; STATE.DATA ;
+---------------+------------+------------+---------------+------------+-------------+------------+
; STATE.DATA    ; 0          ; 0          ; 0             ; 0          ; 0           ; 0          ;
; STATE.AHIGH   ; 0          ; 0          ; 0             ; 0          ; 1           ; 1          ;
; STATE.ALOW    ; 0          ; 0          ; 0             ; 1          ; 0           ; 1          ;
; STATE.CONTROL ; 0          ; 0          ; 1             ; 0          ; 0           ; 1          ;
; STATE.STOP    ; 0          ; 1          ; 0             ; 0          ; 0           ; 1          ;
; STATE.WAIT    ; 1          ; 0          ; 0             ; 0          ; 0           ; 1          ;
+---------------+------------+------------+---------------+------------+-------------+------------+


+-----------------------------------------------------------------------------------------------------------------------------+
; Registers Removed During Synthesis                                                                                          ;
+---------------------------------------------------------+-------------------------------------------------------------------+
; Register name                                           ; Reason for Removal                                                ;
+---------------------------------------------------------+-------------------------------------------------------------------+
; pagewriter:pagewriter1|bit_counter[4..31]               ; Stuck at GND due to stuck port data_in                            ;
; pagewriter:pagewriter1|counter[31]                      ; Merged with adcreader:adcreader1|downclock:downclock1|counter[31] ;
; pagewriter:pagewriter1|downclock:downclock1|counter[31] ; Merged with adcreader:adcreader1|downclock:downclock1|counter[31] ;
; pagewriter:pagewriter1|counter[30]                      ; Merged with adcreader:adcreader1|downclock:downclock1|counter[30] ;
; pagewriter:pagewriter1|downclock:downclock1|counter[30] ; Merged with adcreader:adcreader1|downclock:downclock1|counter[30] ;
; pagewriter:pagewriter1|counter[29]                      ; Merged with adcreader:adcreader1|downclock:downclock1|counter[29] ;
; pagewriter:pagewriter1|downclock:downclock1|counter[29] ; Merged with adcreader:adcreader1|downclock:downclock1|counter[29] ;
; pagewriter:pagewriter1|counter[28]                      ; Merged with adcreader:adcreader1|downclock:downclock1|counter[28] ;
; pagewriter:pagewriter1|downclock:downclock1|counter[28] ; Merged with adcreader:adcreader1|downclock:downclock1|counter[28] ;
; pagewriter:pagewriter1|counter[27]                      ; Merged with adcreader:adcreader1|downclock:downclock1|counter[27] ;
; pagewriter:pagewriter1|downclock:downclock1|counter[27] ; Merged with adcreader:adcreader1|downclock:downclock1|counter[27] ;
; pagewriter:pagewriter1|counter[26]                      ; Merged with adcreader:adcreader1|downclock:downclock1|counter[26] ;
; pagewriter:pagewriter1|downclock:downclock1|counter[26] ; Merged with adcreader:adcreader1|downclock:downclock1|counter[26] ;
; pagewriter:pagewriter1|counter[25]                      ; Merged with adcreader:adcreader1|downclock:downclock1|counter[25] ;
; pagewriter:pagewriter1|downclock:downclock1|counter[25] ; Merged with adcreader:adcreader1|downclock:downclock1|counter[25] ;
; pagewriter:pagewriter1|counter[24]                      ; Merged with adcreader:adcreader1|downclock:downclock1|counter[24] ;
; pagewriter:pagewriter1|downclock:downclock1|counter[24] ; Merged with adcreader:adcreader1|downclock:downclock1|counter[24] ;
; pagewriter:pagewriter1|counter[23]                      ; Merged with adcreader:adcreader1|downclock:downclock1|counter[23] ;
; pagewriter:pagewriter1|downclock:downclock1|counter[23] ; Merged with adcreader:adcreader1|downclock:downclock1|counter[23] ;
; pagewriter:pagewriter1|counter[22]                      ; Merged with adcreader:adcreader1|downclock:downclock1|counter[22] ;
; pagewriter:pagewriter1|downclock:downclock1|counter[22] ; Merged with adcreader:adcreader1|downclock:downclock1|counter[22] ;
; pagewriter:pagewriter1|counter[21]                      ; Merged with adcreader:adcreader1|downclock:downclock1|counter[21] ;
; pagewriter:pagewriter1|downclock:downclock1|counter[21] ; Merged with adcreader:adcreader1|downclock:downclock1|counter[21] ;
; pagewriter:pagewriter1|counter[20]                      ; Merged with adcreader:adcreader1|downclock:downclock1|counter[20] ;
; pagewriter:pagewriter1|downclock:downclock1|counter[20] ; Merged with adcreader:adcreader1|downclock:downclock1|counter[20] ;
; pagewriter:pagewriter1|counter[19]                      ; Merged with adcreader:adcreader1|downclock:downclock1|counter[19] ;
; pagewriter:pagewriter1|downclock:downclock1|counter[19] ; Merged with adcreader:adcreader1|downclock:downclock1|counter[19] ;
; pagewriter:pagewriter1|counter[18]                      ; Merged with adcreader:adcreader1|downclock:downclock1|counter[18] ;
; pagewriter:pagewriter1|downclock:downclock1|counter[18] ; Merged with adcreader:adcreader1|downclock:downclock1|counter[18] ;
; pagewriter:pagewriter1|counter[17]                      ; Merged with adcreader:adcreader1|downclock:downclock1|counter[17] ;
; pagewriter:pagewriter1|downclock:downclock1|counter[17] ; Merged with adcreader:adcreader1|downclock:downclock1|counter[17] ;
; pagewriter:pagewriter1|counter[16]                      ; Merged with adcreader:adcreader1|downclock:downclock1|counter[16] ;
; pagewriter:pagewriter1|downclock:downclock1|counter[16] ; Merged with adcreader:adcreader1|downclock:downclock1|counter[16] ;
; pagewriter:pagewriter1|counter[15]                      ; Merged with adcreader:adcreader1|downclock:downclock1|counter[15] ;
; pagewriter:pagewriter1|downclock:downclock1|counter[15] ; Merged with adcreader:adcreader1|downclock:downclock1|counter[15] ;
; pagewriter:pagewriter1|counter[14]                      ; Merged with adcreader:adcreader1|downclock:downclock1|counter[14] ;
; pagewriter:pagewriter1|downclock:downclock1|counter[14] ; Merged with adcreader:adcreader1|downclock:downclock1|counter[14] ;
; pagewriter:pagewriter1|counter[13]                      ; Merged with adcreader:adcreader1|downclock:downclock1|counter[13] ;
; pagewriter:pagewriter1|downclock:downclock1|counter[13] ; Merged with adcreader:adcreader1|downclock:downclock1|counter[13] ;
; pagewriter:pagewriter1|counter[12]                      ; Merged with adcreader:adcreader1|downclock:downclock1|counter[12] ;
; pagewriter:pagewriter1|downclock:downclock1|counter[12] ; Merged with adcreader:adcreader1|downclock:downclock1|counter[12] ;
; pagewriter:pagewriter1|counter[11]                      ; Merged with adcreader:adcreader1|downclock:downclock1|counter[11] ;
; pagewriter:pagewriter1|downclock:downclock1|counter[11] ; Merged with adcreader:adcreader1|downclock:downclock1|counter[11] ;
; pagewriter:pagewriter1|counter[10]                      ; Merged with adcreader:adcreader1|downclock:downclock1|counter[10] ;
; pagewriter:pagewriter1|downclock:downclock1|counter[10] ; Merged with adcreader:adcreader1|downclock:downclock1|counter[10] ;
; pagewriter:pagewriter1|counter[9]                       ; Merged with adcreader:adcreader1|downclock:downclock1|counter[9]  ;
; pagewriter:pagewriter1|downclock:downclock1|counter[9]  ; Merged with adcreader:adcreader1|downclock:downclock1|counter[9]  ;
; pagewriter:pagewriter1|counter[8]                       ; Merged with adcreader:adcreader1|downclock:downclock1|counter[8]  ;
; pagewriter:pagewriter1|downclock:downclock1|counter[8]  ; Merged with adcreader:adcreader1|downclock:downclock1|counter[8]  ;
; pagewriter:pagewriter1|counter[7]                       ; Merged with adcreader:adcreader1|downclock:downclock1|counter[7]  ;
; pagewriter:pagewriter1|downclock:downclock1|counter[7]  ; Merged with adcreader:adcreader1|downclock:downclock1|counter[7]  ;
; pagewriter:pagewriter1|counter[6]                       ; Merged with adcreader:adcreader1|downclock:downclock1|counter[6]  ;
; pagewriter:pagewriter1|downclock:downclock1|counter[6]  ; Merged with adcreader:adcreader1|downclock:downclock1|counter[6]  ;
; pagewriter:pagewriter1|counter[5]                       ; Merged with adcreader:adcreader1|downclock:downclock1|counter[5]  ;
; pagewriter:pagewriter1|downclock:downclock1|counter[5]  ; Merged with adcreader:adcreader1|downclock:downclock1|counter[5]  ;
; pagewriter:pagewriter1|counter[4]                       ; Merged with adcreader:adcreader1|downclock:downclock1|counter[4]  ;
; pagewriter:pagewriter1|downclock:downclock1|counter[4]  ; Merged with adcreader:adcreader1|downclock:downclock1|counter[4]  ;
; pagewriter:pagewriter1|counter[3]                       ; Merged with adcreader:adcreader1|downclock:downclock1|counter[3]  ;
; pagewriter:pagewriter1|downclock:downclock1|counter[3]  ; Merged with adcreader:adcreader1|downclock:downclock1|counter[3]  ;
; pagewriter:pagewriter1|counter[2]                       ; Merged with adcreader:adcreader1|downclock:downclock1|counter[2]  ;
; pagewriter:pagewriter1|downclock:downclock1|counter[2]  ; Merged with adcreader:adcreader1|downclock:downclock1|counter[2]  ;
; pagewriter:pagewriter1|counter[1]                       ; Merged with adcreader:adcreader1|downclock:downclock1|counter[1]  ;
; pagewriter:pagewriter1|downclock:downclock1|counter[1]  ; Merged with adcreader:adcreader1|downclock:downclock1|counter[1]  ;
; pagewriter:pagewriter1|counter[0]                       ; Merged with adcreader:adcreader1|downclock:downclock1|counter[0]  ;
; pagewriter:pagewriter1|downclock:downclock1|counter[0]  ; Merged with adcreader:adcreader1|downclock:downclock1|counter[0]  ;
; address[6]                                              ; Merged with page_counter[0]                                       ;
; pagewriter:pagewriter1|STATE~4                          ; Lost fanout                                                       ;
; pagewriter:pagewriter1|STATE~5                          ; Lost fanout                                                       ;
; pagewriter:pagewriter1|STATE~6                          ; Lost fanout                                                       ;
; address[7]                                              ; Merged with page_counter[1]                                       ;
; address[8]                                              ; Merged with page_counter[2]                                       ;
; address[9]                                              ; Merged with page_counter[3]                                       ;
; Total Number of Removed Registers = 99                  ;                                                                   ;
+---------------------------------------------------------+-------------------------------------------------------------------+


+------------------------------------------------------+
; General Register Statistics                          ;
+----------------------------------------------+-------+
; Statistic                                    ; Value ;
+----------------------------------------------+-------+
; Total registers                              ; 1296  ;
; Number of registers using Synchronous Clear  ; 161   ;
; Number of registers using Synchronous Load   ; 0     ;
; Number of registers using Asynchronous Clear ; 1295  ;
; Number of registers using Asynchronous Load  ; 0     ;
; Number of registers using Clock Enable       ; 653   ;
; Number of registers using Preset             ; 0     ;
+----------------------------------------------+-------+


+--------------------------------------------------+
; Inverted Register Statistics                     ;
+----------------------------------------+---------+
; Inverted Register                      ; Fan out ;
+----------------------------------------+---------+
; address[11]                            ; 2       ;
; adcreader:adcreader1|cs                ; 2       ;
; firstpass                              ; 2       ;
; Total number of inverted registers = 3 ;         ;
+----------------------------------------+---------+


+-------------------------------------------------------------------------------------------------------------------------------------------------------------------+
; Multiplexer Restructuring Statistics (Restructuring Performed)                                                                                                    ;
+--------------------+-----------+---------------+----------------------+------------------------+------------+-----------------------------------------------------+
; Multiplexer Inputs ; Bus Width ; Baseline Area ; Area if Restructured ; Saving if Restructured ; Registered ; Example Multiplexer Output                          ;
+--------------------+-----------+---------------+----------------------+------------------------+------------+-----------------------------------------------------+
; 5:1                ; 32 bits   ; 96 LEs        ; 32 LEs               ; 64 LEs                 ; Yes        ; |eeprom|pagewriter:pagewriter1|data_bit_counter[17] ;
; 10:1               ; 2 bits    ; 12 LEs        ; 4 LEs                ; 8 LEs                  ; Yes        ; |eeprom|pagewriter:pagewriter1|NEXT_STATE.AHIGH     ;
; 12:1               ; 2 bits    ; 16 LEs        ; 4 LEs                ; 12 LEs                 ; Yes        ; |eeprom|pagewriter:pagewriter1|NEXT_STATE.ALOW      ;
; 10:1               ; 2 bits    ; 12 LEs        ; 4 LEs                ; 8 LEs                  ; Yes        ; |eeprom|pagewriter:pagewriter1|NEXT_STATE.WAIT      ;
+--------------------+-----------+---------------+----------------------+------------------------+------------+-----------------------------------------------------+


+--------------------------------------------------------------------------+
; Parameter Settings for User Entity Instance: pagewriter:pagewriter1      ;
+---------------------+----------------------------------+-----------------+
; Parameter Name      ; Value                            ; Type            ;
+---------------------+----------------------------------+-----------------+
; CONTROL             ; 000                              ; Unsigned Binary ;
; AHIGH               ; 001                              ; Unsigned Binary ;
; ALOW                ; 010                              ; Unsigned Binary ;
; DATA                ; 011                              ; Unsigned Binary ;
; STOP                ; 100                              ; Unsigned Binary ;
; WAIT                ; 101                              ; Unsigned Binary ;
; LOW_THRESH          ; 00000000000000000000000000000011 ; Unsigned Binary ;
; HIGH_THRESH         ; 00000000000000000000000000111100 ; Unsigned Binary ;
; SCLK_COUNTER_THRESH ; 00000000000000000000000010000000 ; Unsigned Binary ;
+---------------------+----------------------------------+-----------------+
Note: In order to hide this table in the UI and the text report file, please set the "Show Parameter Settings in Synthesis Report" option in "Analysis and Synthesis Settings -> More Settings" to "Off".


+------------------------------------------------------------------------------------------+
; Parameter Settings for User Entity Instance: pagewriter:pagewriter1|downclock:downclock1 ;
+----------------+----------------------------------+--------------------------------------+
; Parameter Name ; Value                            ; Type                                 ;
+----------------+----------------------------------+--------------------------------------+
; threshold      ; 00000000000000000000000010000000 ; Unsigned Binary                      ;
; half           ; 00000000000000000000000001000000 ; Unsigned Binary                      ;
+----------------+----------------------------------+--------------------------------------+
Note: In order to hide this table in the UI and the text report file, please set the "Show Parameter Settings in Synthesis Report" option in "Analysis and Synthesis Settings -> More Settings" to "Off".


+----------------------------------------------------------------------------------------+
; Parameter Settings for User Entity Instance: adcreader:adcreader1|downclock:downclock1 ;
+----------------+----------------------------------+------------------------------------+
; Parameter Name ; Value                            ; Type                               ;
+----------------+----------------------------------+------------------------------------+
; threshold      ; 00000000000000000000000010000000 ; Unsigned Binary                    ;
; half           ; 00000000000000000000000001000000 ; Unsigned Binary                    ;
+----------------+----------------------------------+------------------------------------+
Note: In order to hide this table in the UI and the text report file, please set the "Show Parameter Settings in Synthesis Report" option in "Analysis and Synthesis Settings -> More Settings" to "Off".


+-------------------------------------------------------------------------------------+
; Parameter Settings for User Entity Instance: samplecountertimer:samplecountertimer1 ;
+----------------+----------------------------------+---------------------------------+
; Parameter Name ; Value                            ; Type                            ;
+----------------+----------------------------------+---------------------------------+
; THRESHOLD      ; 00000000000000000010000000000000 ; Unsigned Binary                 ;
+----------------+----------------------------------+---------------------------------+
Note: In order to hide this table in the UI and the text report file, please set the "Show Parameter Settings in Synthesis Report" option in "Analysis and Synthesis Settings -> More Settings" to "Off".


+-------------------------------------------------------------------------------------------------------------------------+
; Port Connectivity Checks: "pagewriter:pagewriter1"                                                                      ;
+---------------+--------+----------+-------------------------------------------------------------------------------------+
; Port          ; Type   ; Severity ; Details                                                                             ;
+---------------+--------+----------+-------------------------------------------------------------------------------------+
; address[5..0] ; Input  ; Info     ; Stuck at GND                                                                        ;
; done          ; Output ; Info     ; Connected to dangling logic. Logic that only feeds a dangling port will be removed. ;
+---------------+--------+----------+-------------------------------------------------------------------------------------+


+-----------------------------------------------------+
; Post-Synthesis Netlist Statistics for Top Partition ;
+-----------------------+-----------------------------+
; Type                  ; Count                       ;
+-----------------------+-----------------------------+
; boundary_port         ; 9                           ;
; cycloneiii_ff         ; 1296                        ;
;     CLR               ; 546                         ;
;     CLR SCLR          ; 97                          ;
;     ENA               ; 1                           ;
;     ENA CLR           ; 588                         ;
;     ENA CLR SCLR      ; 64                          ;
; cycloneiii_io_obuf    ; 1                           ;
; cycloneiii_lcell_comb ; 1355                        ;
;     arith             ; 192                         ;
;         2 data inputs ; 190                         ;
;         3 data inputs ; 2                           ;
;     normal            ; 1163                        ;
;         1 data inputs ; 10                          ;
;         2 data inputs ; 23                          ;
;         3 data inputs ; 543                         ;
;         4 data inputs ; 587                         ;
;                       ;                             ;
; Max LUT depth         ; 10.00                       ;
; Average LUT depth     ; 5.09                        ;
+-----------------------+-----------------------------+


+-------------------------------+
; Elapsed Time Per Partition    ;
+----------------+--------------+
; Partition Name ; Elapsed Time ;
+----------------+--------------+
; Top            ; 00:00:03     ;
+----------------+--------------+


+-------------------------------+
; Analysis & Synthesis Messages ;
+-------------------------------+
Info: *******************************************************************
Info: Running Quartus Prime Analysis & Synthesis
    Info: Version 16.1.0 Build 196 10/24/2016 SJ Lite Edition
    Info: Processing started: Thu Mar 12 10:28:44 2020
Info: Command: quartus_map --read_settings_files=on --write_settings_files=off eeprom -c eeprom
Warning (18236): Number of processors has not been specified which may cause overloading on shared machines.  Set the global assignment NUM_PARALLEL_PROCESSORS in your QSF to an appropriate value for best performance.
Info (20030): Parallel compilation is enabled and will use 4 of the 4 processors detected
Info (12021): Found 1 design units, including 1 entities, in source file adcreader.v
    Info (12023): Found entity 1: adcreader File: C:/Users/reedkm7/Documents/ECE 387/ECE 387/ECE 387/Lab3_master/eeprom/adcreader.v Line: 1
Info (12021): Found 1 design units, including 1 entities, in source file downclock.v
    Info (12023): Found entity 1: downclock File: C:/Users/reedkm7/Documents/ECE 387/ECE 387/ECE 387/Lab3_master/eeprom/downclock.v Line: 1
Info (12021): Found 1 design units, including 1 entities, in source file eeprom.v
    Info (12023): Found entity 1: eeprom File: C:/Users/reedkm7/Documents/ECE 387/ECE 387/ECE 387/Lab3_master/eeprom/eeprom.v Line: 1
Info (12021): Found 1 design units, including 1 entities, in source file startcon.v
    Info (12023): Found entity 1: startcon File: C:/Users/reedkm7/Documents/ECE 387/ECE 387/ECE 387/Lab3_master/eeprom/startcon.v Line: 1
Info (12021): Found 1 design units, including 1 entities, in source file stopcon.v
    Info (12023): Found entity 1: stopcon File: C:/Users/reedkm7/Documents/ECE 387/ECE 387/ECE 387/Lab3_master/eeprom/stopcon.v Line: 1
Info (12021): Found 1 design units, including 1 entities, in source file writehigh.v
    Info (12023): Found entity 1: writehigh File: C:/Users/reedkm7/Documents/ECE 387/ECE 387/ECE 387/Lab3_master/eeprom/writehigh.v Line: 1
Info (12021): Found 1 design units, including 1 entities, in source file writelow.v
    Info (12023): Found entity 1: writelow File: C:/Users/reedkm7/Documents/ECE 387/ECE 387/ECE 387/Lab3_master/eeprom/writelow.v Line: 1
Info (12021): Found 1 design units, including 1 entities, in source file pagewriter.v
    Info (12023): Found entity 1: pagewriter File: C:/Users/reedkm7/Documents/ECE 387/ECE 387/ECE 387/Lab3_master/eeprom/pagewriter.v Line: 1
Info (12021): Found 1 design units, including 1 entities, in source file samplecountertimer.v
    Info (12023): Found entity 1: samplecountertimer File: C:/Users/reedkm7/Documents/ECE 387/ECE 387/ECE 387/Lab3_master/eeprom/samplecountertimer.v Line: 1
Info (12127): Elaborating entity "eeprom" for the top level hierarchy
Warning (10762): Verilog HDL Case Statement warning at eeprom.v(53): can't check case statement for completeness because the case expression has too many possible states File: C:/Users/reedkm7/Documents/ECE 387/ECE 387/ECE 387/Lab3_master/eeprom/eeprom.v Line: 53
Warning (10762): Verilog HDL Case Statement warning at eeprom.v(120): can't check case statement for completeness because the case expression has too many possible states File: C:/Users/reedkm7/Documents/ECE 387/ECE 387/ECE 387/Lab3_master/eeprom/eeprom.v Line: 120
Warning (10240): Verilog HDL Always Construct warning at eeprom.v(30): inferring latch(es) for variable "address", which holds its previous value in one or more paths through the always construct File: C:/Users/reedkm7/Documents/ECE 387/ECE 387/ECE 387/Lab3_master/eeprom/eeprom.v Line: 30
Info (10041): Inferred latch for "address[0]" at eeprom.v(30) File: C:/Users/reedkm7/Documents/ECE 387/ECE 387/ECE 387/Lab3_master/eeprom/eeprom.v Line: 30
Info (10041): Inferred latch for "address[1]" at eeprom.v(30) File: C:/Users/reedkm7/Documents/ECE 387/ECE 387/ECE 387/Lab3_master/eeprom/eeprom.v Line: 30
Info (10041): Inferred latch for "address[2]" at eeprom.v(30) File: C:/Users/reedkm7/Documents/ECE 387/ECE 387/ECE 387/Lab3_master/eeprom/eeprom.v Line: 30
Info (10041): Inferred latch for "address[3]" at eeprom.v(30) File: C:/Users/reedkm7/Documents/ECE 387/ECE 387/ECE 387/Lab3_master/eeprom/eeprom.v Line: 30
Info (10041): Inferred latch for "address[4]" at eeprom.v(30) File: C:/Users/reedkm7/Documents/ECE 387/ECE 387/ECE 387/Lab3_master/eeprom/eeprom.v Line: 30
Info (10041): Inferred latch for "address[5]" at eeprom.v(30) File: C:/Users/reedkm7/Documents/ECE 387/ECE 387/ECE 387/Lab3_master/eeprom/eeprom.v Line: 30
Info (12128): Elaborating entity "pagewriter" for hierarchy "pagewriter:pagewriter1" File: C:/Users/reedkm7/Documents/ECE 387/ECE 387/ECE 387/Lab3_master/eeprom/eeprom.v Line: 25
Warning (10762): Verilog HDL Case Statement warning at pagewriter.v(93): can't check case statement for completeness because the case expression has too many possible states File: C:/Users/reedkm7/Documents/ECE 387/ECE 387/ECE 387/Lab3_master/eeprom/pagewriter.v Line: 93
Warning (10762): Verilog HDL Case Statement warning at pagewriter.v(156): can't check case statement for completeness because the case expression has too many possible states File: C:/Users/reedkm7/Documents/ECE 387/ECE 387/ECE 387/Lab3_master/eeprom/pagewriter.v Line: 156
Warning (10762): Verilog HDL Case Statement warning at pagewriter.v(233): can't check case statement for completeness because the case expression has too many possible states File: C:/Users/reedkm7/Documents/ECE 387/ECE 387/ECE 387/Lab3_master/eeprom/pagewriter.v Line: 233
Warning (10762): Verilog HDL Case Statement warning at pagewriter.v(313): can't check case statement for completeness because the case expression has too many possible states File: C:/Users/reedkm7/Documents/ECE 387/ECE 387/ECE 387/Lab3_master/eeprom/pagewriter.v Line: 313
Warning (10762): Verilog HDL Case Statement warning at pagewriter.v(405): can't check case statement for completeness because the case expression has too many possible states File: C:/Users/reedkm7/Documents/ECE 387/ECE 387/ECE 387/Lab3_master/eeprom/pagewriter.v Line: 405
Info (10264): Verilog HDL Case Statement information at pagewriter.v(89): all case item expressions in this case statement are onehot File: C:/Users/reedkm7/Documents/ECE 387/ECE 387/ECE 387/Lab3_master/eeprom/pagewriter.v Line: 89
Info (10018): Can't recognize finite state machine "NEXT_STATE" because it has a complex reset state
Info (12128): Elaborating entity "downclock" for hierarchy "pagewriter:pagewriter1|downclock:downclock1" File: C:/Users/reedkm7/Documents/ECE 387/ECE 387/ECE 387/Lab3_master/eeprom/pagewriter.v Line: 47
Info (12128): Elaborating entity "startcon" for hierarchy "pagewriter:pagewriter1|startcon:startcon1" File: C:/Users/reedkm7/Documents/ECE 387/ECE 387/ECE 387/Lab3_master/eeprom/pagewriter.v Line: 48
Info (12128): Elaborating entity "stopcon" for hierarchy "pagewriter:pagewriter1|stopcon:stopcon1" File: C:/Users/reedkm7/Documents/ECE 387/ECE 387/ECE 387/Lab3_master/eeprom/pagewriter.v Line: 49
Info (12128): Elaborating entity "writehigh" for hierarchy "pagewriter:pagewriter1|writehigh:writehigh1" File: C:/Users/reedkm7/Documents/ECE 387/ECE 387/ECE 387/Lab3_master/eeprom/pagewriter.v Line: 50
Info (12128): Elaborating entity "writelow" for hierarchy "pagewriter:pagewriter1|writelow:writelow1" File: C:/Users/reedkm7/Documents/ECE 387/ECE 387/ECE 387/Lab3_master/eeprom/pagewriter.v Line: 51
Info (12128): Elaborating entity "adcreader" for hierarchy "adcreader:adcreader1" File: C:/Users/reedkm7/Documents/ECE 387/ECE 387/ECE 387/Lab3_master/eeprom/eeprom.v Line: 26
Warning (10762): Verilog HDL Case Statement warning at adcreader.v(30): can't check case statement for completeness because the case expression has too many possible states File: C:/Users/reedkm7/Documents/ECE 387/ECE 387/ECE 387/Lab3_master/eeprom/adcreader.v Line: 30
Info (12128): Elaborating entity "samplecountertimer" for hierarchy "samplecountertimer:samplecountertimer1" File: C:/Users/reedkm7/Documents/ECE 387/ECE 387/ECE 387/Lab3_master/eeprom/eeprom.v Line: 27
Warning (13046): Tri-state node(s) do not directly drive top-level pin(s)
    Warning (13049): Converted tri-state buffer "pagewriter:pagewriter1|writelow:writelow1|sdata~synth" feeding internal logic into a wire File: C:/Users/reedkm7/Documents/ECE 387/ECE 387/ECE 387/Lab3_master/eeprom/writelow.v Line: 4
    Warning (13049): Converted tri-state buffer "pagewriter:pagewriter1|writehigh:writehigh1|sdata~synth" feeding internal logic into a wire File: C:/Users/reedkm7/Documents/ECE 387/ECE 387/ECE 387/Lab3_master/eeprom/writehigh.v Line: 4
    Warning (13049): Converted tri-state buffer "pagewriter:pagewriter1|stopcon:stopcon1|sdata~synth" feeding internal logic into a wire File: C:/Users/reedkm7/Documents/ECE 387/ECE 387/ECE 387/Lab3_master/eeprom/stopcon.v Line: 4
    Warning (13049): Converted tri-state buffer "pagewriter:pagewriter1|startcon:startcon1|sdata~synth" feeding internal logic into a wire File: C:/Users/reedkm7/Documents/ECE 387/ECE 387/ECE 387/Lab3_master/eeprom/startcon.v Line: 4
Info (13000): Registers with preset signals will power-up high File: C:/Users/reedkm7/Documents/ECE 387/ECE 387/ECE 387/Lab3_master/eeprom/adcreader.v Line: 5
Info (13003): DEV_CLRn pin will set, and not reset, register with preset signal due to NOT Gate Push-Back
Warning (13004): Presettable and clearable registers converted to equivalent circuits with latches. Registers power-up to an undefined state, and DEVCLRn places the registers in an undefined state.
    Warning (13310): Register "pagewriter:pagewriter1|NEXT_STATE.CONTROL" is converted into an equivalent circuit using register "pagewriter:pagewriter1|NEXT_STATE.CONTROL~_emulated" and latch "pagewriter:pagewriter1|NEXT_STATE.CONTROL~1" File: C:/Users/reedkm7/Documents/ECE 387/ECE 387/ECE 387/Lab3_master/eeprom/pagewriter.v Line: 41
    Warning (13310): Register "pagewriter:pagewriter1|NEXT_STATE.WAIT" is converted into an equivalent circuit using register "pagewriter:pagewriter1|NEXT_STATE.WAIT~_emulated" and latch "pagewriter:pagewriter1|NEXT_STATE.WAIT~1" File: C:/Users/reedkm7/Documents/ECE 387/ECE 387/ECE 387/Lab3_master/eeprom/pagewriter.v Line: 41
Info (286030): Timing-Driven Synthesis is running
Info (17049): 3 registers lost all their fanouts during netlist optimizations.
Info (144001): Generated suppressed messages file C:/Users/reedkm7/Documents/ECE 387/ECE 387/ECE 387/Lab3_master/eeprom/output_files/eeprom.map.smsg
Info (16010): Generating hard_block partition "hard_block:auto_generated_inst"
    Info (16011): Adding 0 node(s), including 0 DDIO, 0 PLL, 0 transceiver and 0 LCELL
Info (21057): Implemented 1917 device resources after synthesis - the final resource count might be different
    Info (21058): Implemented 3 input pins
    Info (21059): Implemented 5 output pins
    Info (21060): Implemented 1 bidirectional pins
    Info (21061): Implemented 1908 logic cells
Info: Quartus Prime Analysis & Synthesis was successful. 0 errors, 18 warnings
    Info: Peak virtual memory: 4809 megabytes
    Info: Processing ended: Thu Mar 12 10:28:56 2020
    Info: Elapsed time: 00:00:12
    Info: Total CPU time (on all processors): 00:00:23


+------------------------------------------+
; Analysis & Synthesis Suppressed Messages ;
+------------------------------------------+
The suppressed messages can be found in C:/Users/reedkm7/Documents/ECE 387/ECE 387/ECE 387/Lab3_master/eeprom/output_files/eeprom.map.smsg.


